Dec 10 2018 07:00:29
{"Number":2,"Message":"fopen(D:\\\\wamp64\\\\www\\\\iimranchi\\\\wp-content\\\\.git\\\\objects\\\\0e\\\\c35fdbf847a82c2f5534bae42d6ef6302593b0): failed to open stream: Permission denied","File":"D:\\wamp64\\www\\iimranchi\\wp-content\\plugins\\all-in-one-wp-migration\\lib\\vendor\\servmask\\archiver\\class-ai1wm-extractor.php","Line":422}

Dec 10 2018 07:00:30
{"Number":2,"Message":"fopen(D:\\\\wamp64\\\\www\\\\iimranchi\\\\wp-content\\\\.git\\\\objects\\\\13\\\\c5bf67d86c0f885f868d5763944c4a5ba4e9c2): failed to open stream: Permission denied","File":"D:\\wamp64\\www\\iimranchi\\wp-content\\plugins\\all-in-one-wp-migration\\lib\\vendor\\servmask\\archiver\\class-ai1wm-extractor.php","Line":422}

Dec 10 2018 07:00:30
{"Number":2,"Message":"fopen(D:\\\\wamp64\\\\www\\\\iimranchi\\\\wp-content\\\\.git\\\\objects\\\\1e\\\\80617355054cee1563882016c474223afe4ff0): failed to open stream: Permission denied","File":"D:\\wamp64\\www\\iimranchi\\wp-content\\plugins\\all-in-one-wp-migration\\lib\\vendor\\servmask\\archiver\\class-ai1wm-extractor.php","Line":422}

Dec 10 2018 07:00:30
{"Number":2,"Message":"fopen(D:\\\\wamp64\\\\www\\\\iimranchi\\\\wp-content\\\\.git\\\\objects\\\\23\\\\02c11a83bccbb4ae5a36fb0f0153be01395e85): failed to open stream: Permission denied","File":"D:\\wamp64\\www\\iimranchi\\wp-content\\plugins\\all-in-one-wp-migration\\lib\\vendor\\servmask\\archiver\\class-ai1wm-extractor.php","Line":422}

Dec 10 2018 07:00:32
{"Number":2,"Message":"fopen(D:\\\\wamp64\\\\www\\\\iimranchi\\\\wp-content\\\\.git\\\\objects\\\\3a\\\\1307f42f158ea8a33a72e4d1a1580ed33a8f50): failed to open stream: Permission denied","File":"D:\\wamp64\\www\\iimranchi\\wp-content\\plugins\\all-in-one-wp-migration\\lib\\vendor\\servmask\\archiver\\class-ai1wm-extractor.php","Line":422}

Dec 10 2018 07:00:32
{"Number":2,"Message":"fopen(D:\\\\wamp64\\\\www\\\\iimranchi\\\\wp-content\\\\.git\\\\objects\\\\3a\\\\5be8af02203eef6449c0b2c37ff914aaa6a4dd): failed to open stream: Permission denied","File":"D:\\wamp64\\www\\iimranchi\\wp-content\\plugins\\all-in-one-wp-migration\\lib\\vendor\\servmask\\archiver\\class-ai1wm-extractor.php","Line":422}

Dec 10 2018 07:00:32
{"Number":2,"Message":"fopen(D:\\\\wamp64\\\\www\\\\iimranchi\\\\wp-content\\\\.git\\\\objects\\\\3e\\\\a1138afca8dee3952def5c6824fd1d8f3dc547): failed to open stream: Permission denied","File":"D:\\wamp64\\www\\iimranchi\\wp-content\\plugins\\all-in-one-wp-migration\\lib\\vendor\\servmask\\archiver\\class-ai1wm-extractor.php","Line":422}

Dec 10 2018 07:00:33
{"Number":2,"Message":"fopen(D:\\\\wamp64\\\\www\\\\iimranchi\\\\wp-content\\\\.git\\\\objects\\\\48\\\\53f6fa0dbcacea13883e7a06be238c1ef117d7): failed to open stream: Permission denied","File":"D:\\wamp64\\www\\iimranchi\\wp-content\\plugins\\all-in-one-wp-migration\\lib\\vendor\\servmask\\archiver\\class-ai1wm-extractor.php","Line":422}

Dec 10 2018 07:00:33
{"Number":2,"Message":"fopen(D:\\\\wamp64\\\\www\\\\iimranchi\\\\wp-content\\\\.git\\\\objects\\\\49\\\\d72d71d2507ea5830039e016e438258acb8e36): failed to open stream: Permission denied","File":"D:\\wamp64\\www\\iimranchi\\wp-content\\plugins\\all-in-one-wp-migration\\lib\\vendor\\servmask\\archiver\\class-ai1wm-extractor.php","Line":422}

Dec 10 2018 07:00:33
{"Number":2,"Message":"fopen(D:\\\\wamp64\\\\www\\\\iimranchi\\\\wp-content\\\\.git\\\\objects\\\\55\\\\b0f35c23e8166a52730f6652600ee1c75d3d63): failed to open stream: Permission denied","File":"D:\\wamp64\\www\\iimranchi\\wp-content\\plugins\\all-in-one-wp-migration\\lib\\vendor\\servmask\\archiver\\class-ai1wm-extractor.php","Line":422}

Dec 10 2018 07:00:34
{"Number":2,"Message":"fopen(D:\\\\wamp64\\\\www\\\\iimranchi\\\\wp-content\\\\.git\\\\objects\\\\5d\\\\b558fdb3313f3805bc8418af90bf1fdbabbf9d): failed to open stream: Permission denied","File":"D:\\wamp64\\www\\iimranchi\\wp-content\\plugins\\all-in-one-wp-migration\\lib\\vendor\\servmask\\archiver\\class-ai1wm-extractor.php","Line":422}

Dec 10 2018 07:00:34
{"Number":2,"Message":"fopen(D:\\\\wamp64\\\\www\\\\iimranchi\\\\wp-content\\\\.git\\\\objects\\\\62\\\\200328fddc2de0805db758fb758bcb4d65d8e2): failed to open stream: Permission denied","File":"D:\\wamp64\\www\\iimranchi\\wp-content\\plugins\\all-in-one-wp-migration\\lib\\vendor\\servmask\\archiver\\class-ai1wm-extractor.php","Line":422}

Dec 10 2018 07:00:34
{"Number":2,"Message":"fopen(D:\\\\wamp64\\\\www\\\\iimranchi\\\\wp-content\\\\.git\\\\objects\\\\62\\\\476bd2854b3b2ed1b4b6100b4fcb25b008f95d): failed to open stream: Permission denied","File":"D:\\wamp64\\www\\iimranchi\\wp-content\\plugins\\all-in-one-wp-migration\\lib\\vendor\\servmask\\archiver\\class-ai1wm-extractor.php","Line":422}

Dec 10 2018 07:00:35
{"Number":2,"Message":"fopen(D:\\\\wamp64\\\\www\\\\iimranchi\\\\wp-content\\\\.git\\\\objects\\\\76\\\\b9b140250838917e9a167e1e859f14873d8c72): failed to open stream: Permission denied","File":"D:\\wamp64\\www\\iimranchi\\wp-content\\plugins\\all-in-one-wp-migration\\lib\\vendor\\servmask\\archiver\\class-ai1wm-extractor.php","Line":422}

Dec 10 2018 07:00:35
{"Number":2,"Message":"fopen(D:\\\\wamp64\\\\www\\\\iimranchi\\\\wp-content\\\\.git\\\\objects\\\\79\\\\5458540ade4085a8b6cc33e8d160b3d2a193e9): failed to open stream: Permission denied","File":"D:\\wamp64\\www\\iimranchi\\wp-content\\plugins\\all-in-one-wp-migration\\lib\\vendor\\servmask\\archiver\\class-ai1wm-extractor.php","Line":422}

Dec 10 2018 07:00:37
{"Number":2,"Message":"fopen(D:\\\\wamp64\\\\www\\\\iimranchi\\\\wp-content\\\\.git\\\\objects\\\\96\\\\e77d332b9658a67b3dd6da723ccdbc6069dc18): failed to open stream: Permission denied","File":"D:\\wamp64\\www\\iimranchi\\wp-content\\plugins\\all-in-one-wp-migration\\lib\\vendor\\servmask\\archiver\\class-ai1wm-extractor.php","Line":422}

Dec 10 2018 07:00:39
{"Number":2,"Message":"fopen(D:\\\\wamp64\\\\www\\\\iimranchi\\\\wp-content\\\\.git\\\\objects\\\\b0\\\\b483670acd3bd2a9999b5e949c88d4d85cbf97): failed to open stream: Permission denied","File":"D:\\wamp64\\www\\iimranchi\\wp-content\\plugins\\all-in-one-wp-migration\\lib\\vendor\\servmask\\archiver\\class-ai1wm-extractor.php","Line":422}

Dec 10 2018 07:00:40
{"Number":2,"Message":"fopen(D:\\\\wamp64\\\\www\\\\iimranchi\\\\wp-content\\\\.git\\\\objects\\\\b5\\\\df186f632189f94f43a67cd61fa56506517b4f): failed to open stream: Permission denied","File":"D:\\wamp64\\www\\iimranchi\\wp-content\\plugins\\all-in-one-wp-migration\\lib\\vendor\\servmask\\archiver\\class-ai1wm-extractor.php","Line":422}

Dec 10 2018 07:00:41
{"Number":2,"Message":"fopen(D:\\\\wamp64\\\\www\\\\iimranchi\\\\wp-content\\\\.git\\\\objects\\\\bf\\\\40fb14aba4f9780f7670999d3c83ea0a6604a6): failed to open stream: Permission denied","File":"D:\\wamp64\\www\\iimranchi\\wp-content\\plugins\\all-in-one-wp-migration\\lib\\vendor\\servmask\\archiver\\class-ai1wm-extractor.php","Line":422}

Dec 10 2018 07:00:43
{"Number":2,"Message":"fopen(D:\\\\wamp64\\\\www\\\\iimranchi\\\\wp-content\\\\.git\\\\objects\\\\c9\\\\dbf108dae39dd734acde12b9da4a0fae5ac46e): failed to open stream: Permission denied","File":"D:\\wamp64\\www\\iimranchi\\wp-content\\plugins\\all-in-one-wp-migration\\lib\\vendor\\servmask\\archiver\\class-ai1wm-extractor.php","Line":422}

Dec 10 2018 07:00:43
{"Number":2,"Message":"fopen(D:\\\\wamp64\\\\www\\\\iimranchi\\\\wp-content\\\\.git\\\\objects\\\\cc\\\\6fdd2046648b0cf8743828265c89e86d6f287c): failed to open stream: Permission denied","File":"D:\\wamp64\\www\\iimranchi\\wp-content\\plugins\\all-in-one-wp-migration\\lib\\vendor\\servmask\\archiver\\class-ai1wm-extractor.php","Line":422}

Dec 10 2018 07:00:43
{"Number":2,"Message":"fopen(D:\\\\wamp64\\\\www\\\\iimranchi\\\\wp-content\\\\.git\\\\objects\\\\cf\\\\879a5e5d2635239087752658c5f2345de1be68): failed to open stream: Permission denied","File":"D:\\wamp64\\www\\iimranchi\\wp-content\\plugins\\all-in-one-wp-migration\\lib\\vendor\\servmask\\archiver\\class-ai1wm-extractor.php","Line":422}

Dec 10 2018 07:00:43
{"Number":2,"Message":"fopen(D:\\\\wamp64\\\\www\\\\iimranchi\\\\wp-content\\\\.git\\\\objects\\\\d1\\\\59169d1050894d3ea3b98e1c965c4058208fe1): failed to open stream: Permission denied","File":"D:\\wamp64\\www\\iimranchi\\wp-content\\plugins\\all-in-one-wp-migration\\lib\\vendor\\servmask\\archiver\\class-ai1wm-extractor.php","Line":422}

Dec 10 2018 07:00:43
{"Number":2,"Message":"fopen(D:\\\\wamp64\\\\www\\\\iimranchi\\\\wp-content\\\\.git\\\\objects\\\\d4\\\\f21350b3719890e97fcb8ad2a2d06706a30ca1): failed to open stream: Permission denied","File":"D:\\wamp64\\www\\iimranchi\\wp-content\\plugins\\all-in-one-wp-migration\\lib\\vendor\\servmask\\archiver\\class-ai1wm-extractor.php","Line":422}

Dec 10 2018 07:00:44
{"Number":2,"Message":"fopen(D:\\\\wamp64\\\\www\\\\iimranchi\\\\wp-content\\\\.git\\\\objects\\\\df\\\\e0770424b2a19faf507a501ebfc23be8f54e7b): failed to open stream: Permission denied","File":"D:\\wamp64\\www\\iimranchi\\wp-content\\plugins\\all-in-one-wp-migration\\lib\\vendor\\servmask\\archiver\\class-ai1wm-extractor.php","Line":422}

Dec 10 2018 07:00:46
{"Number":2,"Message":"fopen(D:\\\\wamp64\\\\www\\\\iimranchi\\\\wp-content\\\\.git\\\\objects\\\\f6\\\\87e099a11e69c698dc5ff41b15ace02ca0807a): failed to open stream: Permission denied","File":"D:\\wamp64\\www\\iimranchi\\wp-content\\plugins\\all-in-one-wp-migration\\lib\\vendor\\servmask\\archiver\\class-ai1wm-extractor.php","Line":422}

Dec 10 2018 07:00:46
{"Number":2,"Message":"fopen(D:\\\\wamp64\\\\www\\\\iimranchi\\\\wp-content\\\\.git\\\\objects\\\\f9\\\\7b710d3a9ee369bfb5a0e79251c61274ad43a8): failed to open stream: Permission denied","File":"D:\\wamp64\\www\\iimranchi\\wp-content\\plugins\\all-in-one-wp-migration\\lib\\vendor\\servmask\\archiver\\class-ai1wm-extractor.php","Line":422}

